<!DOCTYPE html PUBLIC "-//W3C//DTD XHTML 1.1//EN" "http://www.w3.org/TR/xhtml11/DTD/xhtml11.dtd">
<html xmlns="http://www.w3.org/1999/xhtml">
<head>
<meta http-equiv="content-type" content="text/html; charset=UTF-8"/>
<title>TestNG Report</title>
<style type="text/css">table {margin-bottom:10px;border-collapse:collapse;empty-cells:show}th,td {border:1px solid #009;padding:.25em .5em}th {vertical-align:bottom}td {vertical-align:top}table a {font-weight:bold}.stripe td {background-color: #E6EBF9}.num {text-align:right}.passedodd td {background-color: #3F3}.passedeven td {background-color: #0A0}.skippedodd td {background-color: #DDD}.skippedeven td {background-color: #CCC}.failedodd td,.attn {background-color: #F33}.failedeven td,.stripe .attn {background-color: #D00}.stacktrace {white-space:pre;font-family:monospace}.totop {font-size:85%;text-align:center;border-bottom:2px solid #000}.invisible {display:none}</style>
</head>
<body>
<table>
<tr><th>Test</th><th># Passed</th><th># Skipped</th><th># Failed</th><th>Time (ms)</th><th>Included Groups</th><th>Excluded Groups</th></tr>
<tr><th colspan="7">Icndb</th></tr>
<tr><td><a href="#t0">Test categories.</a></td><td class="num">7</td><td class="num">0</td><td class="num attn">9</td><td class="num">40 343</td><td></td><td></td></tr>
<tr class="stripe"><td><a href="#t1">Test jokes.</a></td><td class="num">6</td><td class="num">0</td><td class="num attn">4</td><td class="num">3 661</td><td></td><td></td></tr>
<tr><td><a href="#t2">Test random jokes.</a></td><td class="num">5</td><td class="num">0</td><td class="num attn">5</td><td class="num">3 517</td><td></td><td></td></tr>
<tr><th>Total</th><th class="num">18</th><th class="num">0</th><th class="num attn">18</th><th class="num">47 521</th><th colspan="2"></th></tr>
</table>
<table id='summary'><thead><tr><th>Class</th><th>Method</th><th>Start</th><th>Time (ms)</th></tr></thead><tbody><tr><th colspan="4">Icndb</th></tr></tbody><tbody id="t0"><tr><th colspan="4">Test categories. &#8212; failed</th></tr><tr class="failedeven"><td rowspan="1">com.icndb.categories.TestCategories</td><td><a href="#m0">testIncorrectCategories</a></td><td rowspan="1">1527527722940</td><td rowspan="1">272</td></tr><tr class="failedodd"><td rowspan="4">com.icndb.categories.TestExcludeCategories</td><td><a href="#m1">testExcludeCategoriesNegative</a></td><td rowspan="4">1527527724596</td><td rowspan="4">438</td></tr><tr class="failedodd"><td><a href="#m2">testExcludeCategoriesNegative</a></td></tr><tr class="failedodd"><td><a href="#m3">testExcludeCategoriesNegative</a></td></tr><tr class="failedodd"><td><a href="#m4">testExcludeCategoriesNegative</a></td></tr><tr class="failedeven"><td rowspan="4">com.icndb.categories.TestLimitToCategories</td><td><a href="#m5">testLimitToCategoriesNegative</a></td><td rowspan="4">1527527750906</td><td rowspan="4">202</td></tr><tr class="failedeven"><td><a href="#m6">testLimitToCategoriesNegative</a></td></tr><tr class="failedeven"><td><a href="#m7">testLimitToCategoriesNegative</a></td></tr><tr class="failedeven"><td><a href="#m8">testLimitToCategoriesNegative</a></td></tr><tr><th colspan="4">Test categories. &#8212; passed</th></tr><tr class="passedeven"><td rowspan="1">com.icndb.categories.TestCategories</td><td><a href="#m9">testAllCategories</a></td><td rowspan="1">1527527716030</td><td rowspan="1">6586</td></tr><tr class="passedodd"><td rowspan="3">com.icndb.categories.TestExcludeCategories</td><td><a href="#m10">testExcludeCategoriesPositive</a></td><td rowspan="3">1527527736079</td><td rowspan="3">7295</td></tr><tr class="passedodd"><td><a href="#m11">testExcludeCategoriesPositive</a></td></tr><tr class="passedodd"><td><a href="#m12">testExcludeCategoriesPositive</a></td></tr><tr class="passedeven"><td rowspan="3">com.icndb.categories.TestLimitToCategories</td><td><a href="#m13">testLimitToCategoriesPositive</a></td><td rowspan="3">1527527751443</td><td rowspan="3">1575</td></tr><tr class="passedeven"><td><a href="#m14">testLimitToCategoriesPositive</a></td></tr><tr class="passedeven"><td><a href="#m15">testLimitToCategoriesPositive</a></td></tr></tbody>
<tbody id="t1"><tr><th colspan="4">Test jokes. &#8212; failed</th></tr><tr class="failedeven"><td rowspan="4">com.icndb.jokes.TestJokes</td><td><a href="#m16">testIncorrectEndPointAfterJokes</a></td><td rowspan="1">1527527759378</td><td rowspan="1">452</td></tr><tr class="failedeven"><td><a href="#m17">testIncorrectEndPointJokes</a></td><td rowspan="1">1527527759832</td><td rowspan="1">162</td></tr><tr class="failedeven"><td><a href="#m18">testJokesByIdNegative</a></td><td rowspan="2">1527527760532</td><td rowspan="2">313</td></tr><tr class="failedeven"><td><a href="#m19">testJokesByIdNegative</a></td></tr><tr><th colspan="4">Test jokes. &#8212; passed</th></tr><tr class="passedeven"><td rowspan="6">com.icndb.jokes.TestJokes</td><td><a href="#m20">testCountOfDisplayedJokes</a></td><td rowspan="1">1527527757996</td><td rowspan="1">701</td></tr><tr class="passedeven"><td><a href="#m21">testCountOfJokes</a></td><td rowspan="1">1527527758699</td><td rowspan="1">259</td></tr><tr class="passedeven"><td><a href="#m22">testJokesByIdNegative</a></td><td rowspan="1">1527527759999</td><td rowspan="1">531</td></tr><tr class="passedeven"><td><a href="#m23">testJokesByIdPositive</a></td><td rowspan="3">1527527761455</td><td rowspan="3">200</td></tr><tr class="passedeven"><td><a href="#m24">testJokesByIdPositive</a></td></tr><tr class="passedeven"><td><a href="#m25">testJokesByIdPositive</a></td></tr></tbody>
<tbody id="t2"><tr><th colspan="4">Test random jokes. &#8212; failed</th></tr><tr class="failedeven"><td rowspan="5">com.icndb.random_jokes.TestRandomJokes</td><td><a href="#m26">testCountOfRandomJokesNegative</a></td><td rowspan="4">1527527762450</td><td rowspan="4">195</td></tr><tr class="failedeven"><td><a href="#m27">testCountOfRandomJokesNegative</a></td></tr><tr class="failedeven"><td><a href="#m28">testCountOfRandomJokesNegative</a></td></tr><tr class="failedeven"><td><a href="#m29">testCountOfRandomJokesNegative</a></td></tr><tr class="failedeven"><td><a href="#m30">testCountOfRandomJokesPositive</a></td><td rowspan="1">1527527764690</td><td rowspan="1">324</td></tr><tr><th colspan="4">Test random jokes. &#8212; passed</th></tr><tr class="passedeven"><td rowspan="5">com.icndb.random_jokes.TestRandomJokes</td><td><a href="#m31">testChangeOfFirstnameAndLastname</a></td><td rowspan="1">1527527761708</td><td rowspan="1">424</td></tr><tr class="passedeven"><td><a href="#m32">testCountOfRandomJokesPositive</a></td><td rowspan="3">1527527764391</td><td rowspan="3">298</td></tr><tr class="passedeven"><td><a href="#m33">testCountOfRandomJokesPositive</a></td></tr><tr class="passedeven"><td><a href="#m34">testCountOfRandomJokesPositive</a></td></tr><tr class="passedeven"><td><a href="#m35">testRandomJoke</a></td><td rowspan="1">1527527765016</td><td rowspan="1">207</td></tr></tbody>
</table>
<h2>Test categories.</h2><h3 id="m0">com.icndb.categories.TestCategories#testIncorrectCategories</h3><table class="result"><tr><th>Exception</th></tr><tr><td><div class="stacktrace">java.lang.AssertionError: 1 expectation failed.
Expected status code &lt;404&gt; but was &lt;200&gt;.

	at org.codehaus.groovy.runtime.callsite.ConstructorSite$ConstructorSiteNoUnwrap.callConstructor(ConstructorSite.java:84)
	at org.codehaus.groovy.runtime.callsite.CallSiteArray.defaultCallConstructor(CallSiteArray.java:60)
	at org.codehaus.groovy.runtime.callsite.AbstractCallSite.callConstructor(AbstractCallSite.java:235)
	at org.codehaus.groovy.runtime.callsite.AbstractCallSite.callConstructor(AbstractCallSite.java:247)
	at io.restassured.internal.ResponseSpecificationImpl$HamcrestAssertionClosure.validate(ResponseSpecificationImpl.groovy:483)
	at io.restassured.internal.ResponseSpecificationImpl$HamcrestAssertionClosure$validate$1.call(Unknown Source)
	at io.restassured.internal.ResponseSpecificationImpl.validate(ResponseSpecificationImpl.groovy:89)
	at io.restassured.internal.ValidatableResponseOptionsImpl.specification(ValidatableResponseOptionsImpl.java:317)
	at io.restassured.internal.ValidatableResponseOptionsImpl.spec(ValidatableResponseOptionsImpl.java:298)
	at com.icndb.categories.TestCategories.testIncorrectCategories(TestCategories.java:61)
... Removed 35 stack frames</div></td></tr></table><p class="totop"><a href="#summary">back to summary</a></p>
<h3 id="m1">com.icndb.categories.TestExcludeCategories#testExcludeCategoriesNegative</h3><table class="result"><tr class="param"><th>Parameter #1</th><th>Parameter #2</th></tr><tr class="param stripe"><td></td><td></td></tr><tr><th colspan="2">Exception</th></tr><tr><td colspan="2"><div class="stacktrace">java.lang.AssertionError: expected [NoSuchCategoryException] but found [success]
	at com.icndb.resources_data.RestUtilities.assertionType(RestUtilities.java:50)
	at com.icndb.categories.TestExcludeCategories.testExcludeCategoriesNegative(TestExcludeCategories.java:80)
... Removed 35 stack frames</div></td></tr></table><p class="totop"><a href="#summary">back to summary</a></p>
<h3 id="m2">com.icndb.categories.TestExcludeCategories#testExcludeCategoriesNegative</h3><table class="result"><tr class="param"><th>Parameter #1</th><th>Parameter #2</th></tr><tr class="param stripe"><td>explicit</td><td>qwerty</td></tr><tr><th colspan="2">Exception</th></tr><tr><td colspan="2"><div class="stacktrace">java.lang.AssertionError: expected [NoSuchCategoryException] but found [success]
	at com.icndb.resources_data.RestUtilities.assertionType(RestUtilities.java:50)
	at com.icndb.categories.TestExcludeCategories.testExcludeCategoriesNegative(TestExcludeCategories.java:80)
... Removed 35 stack frames</div></td></tr></table><p class="totop"><a href="#summary">back to summary</a></p>
<h3 id="m3">com.icndb.categories.TestExcludeCategories#testExcludeCategoriesNegative</h3><table class="result"><tr class="param"><th>Parameter #1</th><th>Parameter #2</th></tr><tr class="param stripe"><td>qwerty</td><td></td></tr><tr><th colspan="2">Exception</th></tr><tr><td colspan="2"><div class="stacktrace">java.lang.AssertionError: expected [NoSuchCategoryException] but found [success]
	at com.icndb.resources_data.RestUtilities.assertionType(RestUtilities.java:50)
	at com.icndb.categories.TestExcludeCategories.testExcludeCategoriesNegative(TestExcludeCategories.java:80)
... Removed 35 stack frames</div></td></tr></table><p class="totop"><a href="#summary">back to summary</a></p>
<h3 id="m4">com.icndb.categories.TestExcludeCategories#testExcludeCategoriesNegative</h3><table class="result"><tr class="param"><th>Parameter #1</th><th>Parameter #2</th></tr><tr class="param stripe"><td>qwerty</td><td>123</td></tr><tr><th colspan="2">Exception</th></tr><tr><td colspan="2"><div class="stacktrace">java.lang.AssertionError: expected [NoSuchCategoryException] but found [success]
	at com.icndb.resources_data.RestUtilities.assertionType(RestUtilities.java:50)
	at com.icndb.categories.TestExcludeCategories.testExcludeCategoriesNegative(TestExcludeCategories.java:80)
... Removed 35 stack frames</div></td></tr></table><p class="totop"><a href="#summary">back to summary</a></p>
<h3 id="m5">com.icndb.categories.TestLimitToCategories#testLimitToCategoriesNegative</h3><table class="result"><tr class="param"><th>Parameter #1</th><th>Parameter #2</th></tr><tr class="param stripe"><td>explicit</td><td>qwerty</td></tr><tr><th colspan="2">Exception</th></tr><tr><td colspan="2"><div class="stacktrace">java.lang.AssertionError: expected [NoSuchCategoryException] but found [success]
	at com.icndb.resources_data.RestUtilities.assertionType(RestUtilities.java:50)
	at com.icndb.categories.TestLimitToCategories.testLimitToCategoriesNegative(TestLimitToCategories.java:77)
... Removed 35 stack frames</div></td></tr></table><p class="totop"><a href="#summary">back to summary</a></p>
<h3 id="m6">com.icndb.categories.TestLimitToCategories#testLimitToCategoriesNegative</h3><table class="result"><tr class="param"><th>Parameter #1</th><th>Parameter #2</th></tr><tr class="param stripe"><td>qwerty</td><td>123</td></tr><tr><th colspan="2">Exception</th></tr><tr><td colspan="2"><div class="stacktrace">java.lang.AssertionError: expected [NoSuchCategoryException] but found [success]
	at com.icndb.resources_data.RestUtilities.assertionType(RestUtilities.java:50)
	at com.icndb.categories.TestLimitToCategories.testLimitToCategoriesNegative(TestLimitToCategories.java:77)
... Removed 35 stack frames</div></td></tr></table><p class="totop"><a href="#summary">back to summary</a></p>
<h3 id="m7">com.icndb.categories.TestLimitToCategories#testLimitToCategoriesNegative</h3><table class="result"><tr class="param"><th>Parameter #1</th><th>Parameter #2</th></tr><tr class="param stripe"><td></td><td></td></tr><tr><th colspan="2">Exception</th></tr><tr><td colspan="2"><div class="stacktrace">java.lang.AssertionError: expected [NoSuchCategoryException] but found [success]
	at com.icndb.resources_data.RestUtilities.assertionType(RestUtilities.java:50)
	at com.icndb.categories.TestLimitToCategories.testLimitToCategoriesNegative(TestLimitToCategories.java:77)
... Removed 35 stack frames</div></td></tr></table><p class="totop"><a href="#summary">back to summary</a></p>
<h3 id="m8">com.icndb.categories.TestLimitToCategories#testLimitToCategoriesNegative</h3><table class="result"><tr class="param"><th>Parameter #1</th><th>Parameter #2</th></tr><tr class="param stripe"><td>qwerty</td><td></td></tr><tr><th colspan="2">Exception</th></tr><tr><td colspan="2"><div class="stacktrace">java.lang.AssertionError: expected [NoSuchCategoryException] but found [success]
	at com.icndb.resources_data.RestUtilities.assertionType(RestUtilities.java:50)
	at com.icndb.categories.TestLimitToCategories.testLimitToCategoriesNegative(TestLimitToCategories.java:77)
... Removed 35 stack frames</div></td></tr></table><p class="totop"><a href="#summary">back to summary</a></p>
<h3 id="m9">com.icndb.categories.TestCategories#testAllCategories</h3><table class="result"><tr><th class="invisible"/></tr></table><p class="totop"><a href="#summary">back to summary</a></p>
<h3 id="m10">com.icndb.categories.TestExcludeCategories#testExcludeCategoriesPositive</h3><table class="result"><tr class="param"><th>Parameter #1</th><th>Parameter #2</th></tr><tr class="param stripe"><td>explicit</td><td>nerdy</td></tr></table><p class="totop"><a href="#summary">back to summary</a></p>
<h3 id="m11">com.icndb.categories.TestExcludeCategories#testExcludeCategoriesPositive</h3><table class="result"><tr class="param"><th>Parameter #1</th><th>Parameter #2</th></tr><tr class="param stripe"><td>nerdy</td><td></td></tr></table><p class="totop"><a href="#summary">back to summary</a></p>
<h3 id="m12">com.icndb.categories.TestExcludeCategories#testExcludeCategoriesPositive</h3><table class="result"><tr class="param"><th>Parameter #1</th><th>Parameter #2</th></tr><tr class="param stripe"><td>explicit</td><td></td></tr></table><p class="totop"><a href="#summary">back to summary</a></p>
<h3 id="m13">com.icndb.categories.TestLimitToCategories#testLimitToCategoriesPositive</h3><table class="result"><tr class="param"><th>Parameter #1</th><th>Parameter #2</th></tr><tr class="param stripe"><td>explicit</td><td>nerdy</td></tr></table><p class="totop"><a href="#summary">back to summary</a></p>
<h3 id="m14">com.icndb.categories.TestLimitToCategories#testLimitToCategoriesPositive</h3><table class="result"><tr class="param"><th>Parameter #1</th><th>Parameter #2</th></tr><tr class="param stripe"><td>nerdy</td><td></td></tr></table><p class="totop"><a href="#summary">back to summary</a></p>
<h3 id="m15">com.icndb.categories.TestLimitToCategories#testLimitToCategoriesPositive</h3><table class="result"><tr class="param"><th>Parameter #1</th><th>Parameter #2</th></tr><tr class="param stripe"><td>explicit</td><td></td></tr></table><p class="totop"><a href="#summary">back to summary</a></p>
<h2>Test jokes.</h2><h3 id="m16">com.icndb.jokes.TestJokes#testIncorrectEndPointAfterJokes</h3><table class="result"><tr><th>Exception</th></tr><tr><td><div class="stacktrace">java.lang.AssertionError: 1 expectation failed.
Expected status code &lt;404&gt; but was &lt;200&gt;.

	at org.codehaus.groovy.runtime.callsite.ConstructorSite$ConstructorSiteNoUnwrap.callConstructor(ConstructorSite.java:84)
	at org.codehaus.groovy.runtime.callsite.AbstractCallSite.callConstructor(AbstractCallSite.java:247)
	at io.restassured.internal.ResponseSpecificationImpl$HamcrestAssertionClosure.validate(ResponseSpecificationImpl.groovy:483)
	at io.restassured.internal.ResponseSpecificationImpl$HamcrestAssertionClosure$validate$1.call(Unknown Source)
	at io.restassured.internal.ResponseSpecificationImpl.validate(ResponseSpecificationImpl.groovy:89)
	at io.restassured.internal.ValidatableResponseOptionsImpl.specification(ValidatableResponseOptionsImpl.java:317)
	at io.restassured.internal.ValidatableResponseOptionsImpl.spec(ValidatableResponseOptionsImpl.java:298)
	at com.icndb.jokes.TestJokes.testIncorrectEndPointAfterJokes(TestJokes.java:123)
... Removed 35 stack frames</div></td></tr></table><p class="totop"><a href="#summary">back to summary</a></p>
<h3 id="m17">com.icndb.jokes.TestJokes#testIncorrectEndPointJokes</h3><table class="result"><tr><th>Exception</th></tr><tr><td><div class="stacktrace">java.lang.AssertionError: 1 expectation failed.
Expected status code &lt;404&gt; but was &lt;200&gt;.

	at org.codehaus.groovy.runtime.callsite.ConstructorSite$ConstructorSiteNoUnwrap.callConstructor(ConstructorSite.java:84)
	at org.codehaus.groovy.runtime.callsite.AbstractCallSite.callConstructor(AbstractCallSite.java:247)
	at io.restassured.internal.ResponseSpecificationImpl$HamcrestAssertionClosure.validate(ResponseSpecificationImpl.groovy:483)
	at io.restassured.internal.ResponseSpecificationImpl$HamcrestAssertionClosure$validate$1.call(Unknown Source)
	at io.restassured.internal.ResponseSpecificationImpl.validate(ResponseSpecificationImpl.groovy:89)
	at io.restassured.internal.ValidatableResponseOptionsImpl.specification(ValidatableResponseOptionsImpl.java:317)
	at io.restassured.internal.ValidatableResponseOptionsImpl.spec(ValidatableResponseOptionsImpl.java:298)
	at com.icndb.jokes.TestJokes.testIncorrectEndPointJokes(TestJokes.java:111)
... Removed 35 stack frames</div></td></tr></table><p class="totop"><a href="#summary">back to summary</a></p>
<h3 id="m18">com.icndb.jokes.TestJokes#testJokesByIdNegative</h3><table class="result"><tr class="param"><th>Parameter #1</th></tr><tr class="param stripe"><td>-1</td></tr><tr><th>Exception</th></tr><tr><td><div class="stacktrace">java.lang.AssertionError: expected [NoSuchQuoteException] but found [success]
	at com.icndb.resources_data.RestUtilities.assertionType(RestUtilities.java:50)
	at com.icndb.jokes.TestJokes.testJokesByIdNegative(TestJokes.java:100)
... Removed 35 stack frames</div></td></tr></table><p class="totop"><a href="#summary">back to summary</a></p>
<h3 id="m19">com.icndb.jokes.TestJokes#testJokesByIdNegative</h3><table class="result"><tr class="param"><th>Parameter #1</th></tr><tr class="param stripe"><td>1.5</td></tr><tr><th>Exception</th></tr><tr><td><div class="stacktrace">java.lang.AssertionError: expected [NoSuchQuoteException] but found [success]
	at com.icndb.resources_data.RestUtilities.assertionType(RestUtilities.java:50)
	at com.icndb.jokes.TestJokes.testJokesByIdNegative(TestJokes.java:100)
... Removed 35 stack frames</div></td></tr></table><p class="totop"><a href="#summary">back to summary</a></p>
<h3 id="m20">com.icndb.jokes.TestJokes#testCountOfDisplayedJokes</h3><table class="result"><tr><th class="invisible"/></tr></table><p class="totop"><a href="#summary">back to summary</a></p>
<h3 id="m21">com.icndb.jokes.TestJokes#testCountOfJokes</h3><table class="result"><tr><th class="invisible"/></tr></table><p class="totop"><a href="#summary">back to summary</a></p>
<h3 id="m22">com.icndb.jokes.TestJokes#testJokesByIdNegative</h3><table class="result"><tr class="param"><th>Parameter #1</th></tr><tr class="param stripe"><td>0</td></tr></table><p class="totop"><a href="#summary">back to summary</a></p>
<h3 id="m23">com.icndb.jokes.TestJokes#testJokesByIdPositive</h3><table class="result"><tr class="param"><th>Parameter #1</th></tr><tr class="param stripe"><td>603</td></tr></table><p class="totop"><a href="#summary">back to summary</a></p>
<h3 id="m24">com.icndb.jokes.TestJokes#testJokesByIdPositive</h3><table class="result"><tr class="param"><th>Parameter #1</th></tr><tr class="param stripe"><td>385</td></tr></table><p class="totop"><a href="#summary">back to summary</a></p>
<h3 id="m25">com.icndb.jokes.TestJokes#testJokesByIdPositive</h3><table class="result"><tr class="param"><th>Parameter #1</th></tr><tr class="param stripe"><td>1</td></tr></table><p class="totop"><a href="#summary">back to summary</a></p>
<h2>Test random jokes.</h2><h3 id="m26">com.icndb.random_jokes.TestRandomJokes#testCountOfRandomJokesNegative</h3><table class="result"><tr class="param"><th>Parameter #1</th></tr><tr class="param stripe"><td>-1</td></tr><tr><th>Exception</th></tr><tr><td><div class="stacktrace">java.lang.AssertionError: expected [NoSuchQuoteException] but found [success]
	at com.icndb.resources_data.RestUtilities.assertionType(RestUtilities.java:50)
	at com.icndb.random_jokes.TestRandomJokes.testCountOfRandomJokesNegative(TestRandomJokes.java:82)
... Removed 35 stack frames</div></td></tr></table><p class="totop"><a href="#summary">back to summary</a></p>
<h3 id="m27">com.icndb.random_jokes.TestRandomJokes#testCountOfRandomJokesNegative</h3><table class="result"><tr class="param"><th>Parameter #1</th></tr><tr class="param stripe"><td>qwery</td></tr><tr><th>Exception</th></tr><tr><td><div class="stacktrace">java.lang.AssertionError: expected [NoSuchQuoteException] but found [success]
	at com.icndb.resources_data.RestUtilities.assertionType(RestUtilities.java:50)
	at com.icndb.random_jokes.TestRandomJokes.testCountOfRandomJokesNegative(TestRandomJokes.java:82)
... Removed 35 stack frames</div></td></tr></table><p class="totop"><a href="#summary">back to summary</a></p>
<h3 id="m28">com.icndb.random_jokes.TestRandomJokes#testCountOfRandomJokesNegative</h3><table class="result"><tr class="param"><th>Parameter #1</th></tr><tr class="param stripe"><td>1.5</td></tr><tr><th>Exception</th></tr><tr><td><div class="stacktrace">java.lang.AssertionError: expected [NoSuchQuoteException] but found [success]
	at com.icndb.resources_data.RestUtilities.assertionType(RestUtilities.java:50)
	at com.icndb.random_jokes.TestRandomJokes.testCountOfRandomJokesNegative(TestRandomJokes.java:82)
... Removed 35 stack frames</div></td></tr></table><p class="totop"><a href="#summary">back to summary</a></p>
<h3 id="m29">com.icndb.random_jokes.TestRandomJokes#testCountOfRandomJokesNegative</h3><table class="result"><tr class="param"><th>Parameter #1</th></tr><tr class="param stripe"><td>0</td></tr><tr><th>Exception</th></tr><tr><td><div class="stacktrace">java.lang.AssertionError: expected [NoSuchQuoteException] but found [success]
	at com.icndb.resources_data.RestUtilities.assertionType(RestUtilities.java:50)
	at com.icndb.random_jokes.TestRandomJokes.testCountOfRandomJokesNegative(TestRandomJokes.java:82)
... Removed 35 stack frames</div></td></tr></table><p class="totop"><a href="#summary">back to summary</a></p>
<h3 id="m30">com.icndb.random_jokes.TestRandomJokes#testCountOfRandomJokesPositive</h3><table class="result"><tr class="param"><th>Parameter #1</th></tr><tr class="param stripe"><td>1000</td></tr><tr><th>Exception</th></tr><tr><td><div class="stacktrace">java.lang.AssertionError: expected [1000] but found [558]
	at com.icndb.random_jokes.TestRandomJokes.testCountOfRandomJokesPositive(TestRandomJokes.java:74)
... Removed 35 stack frames</div></td></tr></table><p class="totop"><a href="#summary">back to summary</a></p>
<h3 id="m31">com.icndb.random_jokes.TestRandomJokes#testChangeOfFirstnameAndLastname</h3><table class="result"><tr><th class="invisible"/></tr></table><p class="totop"><a href="#summary">back to summary</a></p>
<h3 id="m32">com.icndb.random_jokes.TestRandomJokes#testCountOfRandomJokesPositive</h3><table class="result"><tr class="param"><th>Parameter #1</th></tr><tr class="param stripe"><td>300</td></tr></table><p class="totop"><a href="#summary">back to summary</a></p>
<h3 id="m33">com.icndb.random_jokes.TestRandomJokes#testCountOfRandomJokesPositive</h3><table class="result"><tr class="param"><th>Parameter #1</th></tr><tr class="param stripe"><td>1</td></tr></table><p class="totop"><a href="#summary">back to summary</a></p>
<h3 id="m34">com.icndb.random_jokes.TestRandomJokes#testCountOfRandomJokesPositive</h3><table class="result"><tr class="param"><th>Parameter #1</th></tr><tr class="param stripe"><td>558</td></tr></table><p class="totop"><a href="#summary">back to summary</a></p>
<h3 id="m35">com.icndb.random_jokes.TestRandomJokes#testRandomJoke</h3><table class="result"><tr><th class="invisible"/></tr></table><p class="totop"><a href="#summary">back to summary</a></p>
</body>
</html>
