<?xml version="1.0" encoding="UTF-8"?>
<testsuite xmlns:xsi="http://www.w3.org/2001/XMLSchema-instance" xsi:noNamespaceSchemaLocation="https://maven.apache.org/surefire/maven-surefire-plugin/xsd/surefire-test-report.xsd" name="TestSuite" time="55.107" tests="36" errors="0" skipped="0" failures="18">
  <properties>
    <property name="sun.desktop" value="windows"/>
    <property name="awt.toolkit" value="sun.awt.windows.WToolkit"/>
    <property name="file.encoding.pkg" value="sun.io"/>
    <property name="java.specification.version" value="1.8"/>
    <property name="sun.cpu.isalist" value="amd64"/>
    <property name="sun.jnu.encoding" value="Cp1251"/>
    <property name="java.class.path" value="D:\Program Files New\Eclipse\Icndb\target\test-classes;D:\Program Files New\Eclipse\Icndb\target\classes;C:\Users\Admin\.m2\repository\org\testng\testng\6.14.3\testng-6.14.3.jar;C:\Users\Admin\.m2\repository\com\beust\jcommander\1.72\jcommander-1.72.jar;C:\Users\Admin\.m2\repository\org\apache-extras\beanshell\bsh\2.0b6\bsh-2.0b6.jar;C:\Users\Admin\.m2\repository\io\rest-assured\rest-assured\3.1.0\rest-assured-3.1.0.jar;C:\Users\Admin\.m2\repository\org\codehaus\groovy\groovy\2.4.12\groovy-2.4.12.jar;C:\Users\Admin\.m2\repository\org\codehaus\groovy\groovy-xml\2.4.12\groovy-xml-2.4.12.jar;C:\Users\Admin\.m2\repository\org\apache\httpcomponents\httpclient\4.5.3\httpclient-4.5.3.jar;C:\Users\Admin\.m2\repository\org\apache\httpcomponents\httpcore\4.4.6\httpcore-4.4.6.jar;C:\Users\Admin\.m2\repository\commons-logging\commons-logging\1.2\commons-logging-1.2.jar;C:\Users\Admin\.m2\repository\commons-codec\commons-codec\1.9\commons-codec-1.9.jar;C:\Users\Admin\.m2\repository\org\apache\httpcomponents\httpmime\4.5.1\httpmime-4.5.1.jar;C:\Users\Admin\.m2\repository\org\hamcrest\hamcrest-core\1.3\hamcrest-core-1.3.jar;C:\Users\Admin\.m2\repository\org\hamcrest\hamcrest-library\1.3\hamcrest-library-1.3.jar;C:\Users\Admin\.m2\repository\org\ccil\cowan\tagsoup\tagsoup\1.2.1\tagsoup-1.2.1.jar;C:\Users\Admin\.m2\repository\io\rest-assured\json-path\3.1.0\json-path-3.1.0.jar;C:\Users\Admin\.m2\repository\org\codehaus\groovy\groovy-json\2.4.12\groovy-json-2.4.12.jar;C:\Users\Admin\.m2\repository\io\rest-assured\rest-assured-common\3.1.0\rest-assured-common-3.1.0.jar;C:\Users\Admin\.m2\repository\io\rest-assured\xml-path\3.1.0\xml-path-3.1.0.jar;C:\Users\Admin\.m2\repository\org\apache\commons\commons-lang3\3.4\commons-lang3-3.4.jar;C:\Users\Admin\.m2\repository\javax\xml\bind\jaxb-api\2.2.12\jaxb-api-2.2.12.jar;C:\Users\Admin\.m2\repository\com\google\inject\guice\4.2.0\guice-4.2.0.jar;C:\Users\Admin\.m2\repository\javax\inject\javax.inject\1\javax.inject-1.jar;C:\Users\Admin\.m2\repository\aopalliance\aopalliance\1.0\aopalliance-1.0.jar;C:\Users\Admin\.m2\repository\com\google\guava\guava\23.6-android\guava-23.6-android.jar;C:\Users\Admin\.m2\repository\com\google\code\findbugs\jsr305\1.3.9\jsr305-1.3.9.jar;C:\Users\Admin\.m2\repository\org\checkerframework\checker-compat-qual\2.0.0\checker-compat-qual-2.0.0.jar;C:\Users\Admin\.m2\repository\com\google\errorprone\error_prone_annotations\2.1.3\error_prone_annotations-2.1.3.jar;C:\Users\Admin\.m2\repository\com\google\j2objc\j2objc-annotations\1.1\j2objc-annotations-1.1.jar;C:\Users\Admin\.m2\repository\org\codehaus\mojo\animal-sniffer-annotations\1.14\animal-sniffer-annotations-1.14.jar;C:\Users\Admin\.m2\repository\org\hamcrest\hamcrest-all\1.3\hamcrest-all-1.3.jar;C:\Users\Admin\.m2\repository\org\slf4j\slf4j-simple\1.7.25\slf4j-simple-1.7.25.jar;C:\Users\Admin\.m2\repository\org\slf4j\slf4j-api\1.7.25\slf4j-api-1.7.25.jar;C:\Users\Admin\.m2\repository\io\qameta\allure\allure-rest-assured\2.6.0\allure-rest-assured-2.6.0.jar;C:\Users\Admin\.m2\repository\io\qameta\allure\allure-attachments\2.6.0\allure-attachments-2.6.0.jar;C:\Users\Admin\.m2\repository\org\freemarker\freemarker\2.3.26-incubating\freemarker-2.3.26-incubating.jar;C:\Users\Admin\.m2\repository\io\qameta\allure\allure-testng\2.6.0\allure-testng-2.6.0.jar;C:\Users\Admin\.m2\repository\io\qameta\allure\allure-descriptions-javadoc\2.6.0\allure-descriptions-javadoc-2.6.0.jar;C:\Users\Admin\.m2\repository\commons-io\commons-io\2.5\commons-io-2.5.jar;C:\Users\Admin\.m2\repository\io\qameta\allure\allure-java-commons\2.6.0\allure-java-commons-2.6.0.jar;C:\Users\Admin\.m2\repository\io\qameta\allure\allure2-model-api\1.0-BETA6\allure2-model-api-1.0-BETA6.jar;C:\Users\Admin\.m2\repository\io\qameta\allure\allure2-model-pojo\1.0-BETA6\allure2-model-pojo-1.0-BETA6.jar;C:\Users\Admin\.m2\repository\org\apache\tika\tika-core\1.14\tika-core-1.14.jar;C:\Users\Admin\.m2\repository\io\qameta\allure\allure2-model-jackson\1.0-BETA6\allure2-model-jackson-1.0-BETA6.jar;C:\Users\Admin\.m2\repository\com\fasterxml\jackson\core\jackson-databind\2.7.0\jackson-databind-2.7.0.jar;C:\Users\Admin\.m2\repository\com\fasterxml\jackson\core\jackson-annotations\2.7.0\jackson-annotations-2.7.0.jar;C:\Users\Admin\.m2\repository\com\fasterxml\jackson\core\jackson-core\2.7.0\jackson-core-2.7.0.jar;C:\Users\Admin\.m2\repository\com\fasterxml\jackson\module\jackson-module-jaxb-annotations\2.7.0\jackson-module-jaxb-annotations-2.7.0.jar;C:\Users\Admin\.m2\repository\org\aspectj\aspectjrt\1.8.10\aspectjrt-1.8.10.jar;C:\Users\Admin\.m2\repository\org\jooq\joor\0.9.6\joor-0.9.6.jar;C:\Users\Admin\.m2\repository\org\apache\maven\surefire\surefire-testng-utils\2.21.0\surefire-testng-utils-2.21.0.jar;C:\Users\Admin\.m2\repository\org\apache\maven\surefire\surefire-grouper\2.21.0\surefire-grouper-2.21.0.jar;"/>
    <property name="java.vm.vendor" value="Oracle Corporation"/>
    <property name="sun.arch.data.model" value="64"/>
    <property name="user.variant" value=""/>
    <property name="java.vendor.url" value="http://java.oracle.com/"/>
    <property name="user.timezone" value=""/>
    <property name="java.vm.specification.version" value="1.8"/>
    <property name="os.name" value="Windows 7"/>
    <property name="user.country" value="RU"/>
    <property name="sun.java.launcher" value="SUN_STANDARD"/>
    <property name="sun.boot.library.path" value="C:\Program Files\Java\jdk1.8.0_102\jre\bin"/>
    <property name="sun.java.command" value="C:\Users\Admin\AppData\Local\Temp\surefire5097066622948503529\surefirebooter343379071075492839.jar C:\Users\Admin\AppData\Local\Temp\surefire5097066622948503529 2018-05-28T20-15-02_416-jvmRun1 surefire2056959547075205547tmp surefire_02575951834963174070tmp"/>
    <property name="surefire.test.class.path" value="D:\Program Files New\Eclipse\Icndb\target\test-classes;D:\Program Files New\Eclipse\Icndb\target\classes;C:\Users\Admin\.m2\repository\org\testng\testng\6.14.3\testng-6.14.3.jar;C:\Users\Admin\.m2\repository\com\beust\jcommander\1.72\jcommander-1.72.jar;C:\Users\Admin\.m2\repository\org\apache-extras\beanshell\bsh\2.0b6\bsh-2.0b6.jar;C:\Users\Admin\.m2\repository\io\rest-assured\rest-assured\3.1.0\rest-assured-3.1.0.jar;C:\Users\Admin\.m2\repository\org\codehaus\groovy\groovy\2.4.12\groovy-2.4.12.jar;C:\Users\Admin\.m2\repository\org\codehaus\groovy\groovy-xml\2.4.12\groovy-xml-2.4.12.jar;C:\Users\Admin\.m2\repository\org\apache\httpcomponents\httpclient\4.5.3\httpclient-4.5.3.jar;C:\Users\Admin\.m2\repository\org\apache\httpcomponents\httpcore\4.4.6\httpcore-4.4.6.jar;C:\Users\Admin\.m2\repository\commons-logging\commons-logging\1.2\commons-logging-1.2.jar;C:\Users\Admin\.m2\repository\commons-codec\commons-codec\1.9\commons-codec-1.9.jar;C:\Users\Admin\.m2\repository\org\apache\httpcomponents\httpmime\4.5.1\httpmime-4.5.1.jar;C:\Users\Admin\.m2\repository\org\hamcrest\hamcrest-core\1.3\hamcrest-core-1.3.jar;C:\Users\Admin\.m2\repository\org\hamcrest\hamcrest-library\1.3\hamcrest-library-1.3.jar;C:\Users\Admin\.m2\repository\org\ccil\cowan\tagsoup\tagsoup\1.2.1\tagsoup-1.2.1.jar;C:\Users\Admin\.m2\repository\io\rest-assured\json-path\3.1.0\json-path-3.1.0.jar;C:\Users\Admin\.m2\repository\org\codehaus\groovy\groovy-json\2.4.12\groovy-json-2.4.12.jar;C:\Users\Admin\.m2\repository\io\rest-assured\rest-assured-common\3.1.0\rest-assured-common-3.1.0.jar;C:\Users\Admin\.m2\repository\io\rest-assured\xml-path\3.1.0\xml-path-3.1.0.jar;C:\Users\Admin\.m2\repository\org\apache\commons\commons-lang3\3.4\commons-lang3-3.4.jar;C:\Users\Admin\.m2\repository\javax\xml\bind\jaxb-api\2.2.12\jaxb-api-2.2.12.jar;C:\Users\Admin\.m2\repository\com\google\inject\guice\4.2.0\guice-4.2.0.jar;C:\Users\Admin\.m2\repository\javax\inject\javax.inject\1\javax.inject-1.jar;C:\Users\Admin\.m2\repository\aopalliance\aopalliance\1.0\aopalliance-1.0.jar;C:\Users\Admin\.m2\repository\com\google\guava\guava\23.6-android\guava-23.6-android.jar;C:\Users\Admin\.m2\repository\com\google\code\findbugs\jsr305\1.3.9\jsr305-1.3.9.jar;C:\Users\Admin\.m2\repository\org\checkerframework\checker-compat-qual\2.0.0\checker-compat-qual-2.0.0.jar;C:\Users\Admin\.m2\repository\com\google\errorprone\error_prone_annotations\2.1.3\error_prone_annotations-2.1.3.jar;C:\Users\Admin\.m2\repository\com\google\j2objc\j2objc-annotations\1.1\j2objc-annotations-1.1.jar;C:\Users\Admin\.m2\repository\org\codehaus\mojo\animal-sniffer-annotations\1.14\animal-sniffer-annotations-1.14.jar;C:\Users\Admin\.m2\repository\org\hamcrest\hamcrest-all\1.3\hamcrest-all-1.3.jar;C:\Users\Admin\.m2\repository\org\slf4j\slf4j-simple\1.7.25\slf4j-simple-1.7.25.jar;C:\Users\Admin\.m2\repository\org\slf4j\slf4j-api\1.7.25\slf4j-api-1.7.25.jar;C:\Users\Admin\.m2\repository\io\qameta\allure\allure-rest-assured\2.6.0\allure-rest-assured-2.6.0.jar;C:\Users\Admin\.m2\repository\io\qameta\allure\allure-attachments\2.6.0\allure-attachments-2.6.0.jar;C:\Users\Admin\.m2\repository\org\freemarker\freemarker\2.3.26-incubating\freemarker-2.3.26-incubating.jar;C:\Users\Admin\.m2\repository\io\qameta\allure\allure-testng\2.6.0\allure-testng-2.6.0.jar;C:\Users\Admin\.m2\repository\io\qameta\allure\allure-descriptions-javadoc\2.6.0\allure-descriptions-javadoc-2.6.0.jar;C:\Users\Admin\.m2\repository\commons-io\commons-io\2.5\commons-io-2.5.jar;C:\Users\Admin\.m2\repository\io\qameta\allure\allure-java-commons\2.6.0\allure-java-commons-2.6.0.jar;C:\Users\Admin\.m2\repository\io\qameta\allure\allure2-model-api\1.0-BETA6\allure2-model-api-1.0-BETA6.jar;C:\Users\Admin\.m2\repository\io\qameta\allure\allure2-model-pojo\1.0-BETA6\allure2-model-pojo-1.0-BETA6.jar;C:\Users\Admin\.m2\repository\org\apache\tika\tika-core\1.14\tika-core-1.14.jar;C:\Users\Admin\.m2\repository\io\qameta\allure\allure2-model-jackson\1.0-BETA6\allure2-model-jackson-1.0-BETA6.jar;C:\Users\Admin\.m2\repository\com\fasterxml\jackson\core\jackson-databind\2.7.0\jackson-databind-2.7.0.jar;C:\Users\Admin\.m2\repository\com\fasterxml\jackson\core\jackson-annotations\2.7.0\jackson-annotations-2.7.0.jar;C:\Users\Admin\.m2\repository\com\fasterxml\jackson\core\jackson-core\2.7.0\jackson-core-2.7.0.jar;C:\Users\Admin\.m2\repository\com\fasterxml\jackson\module\jackson-module-jaxb-annotations\2.7.0\jackson-module-jaxb-annotations-2.7.0.jar;C:\Users\Admin\.m2\repository\org\aspectj\aspectjrt\1.8.10\aspectjrt-1.8.10.jar;C:\Users\Admin\.m2\repository\org\jooq\joor\0.9.6\joor-0.9.6.jar;C:\Users\Admin\.m2\repository\org\apache\maven\surefire\surefire-testng-utils\2.21.0\surefire-testng-utils-2.21.0.jar;C:\Users\Admin\.m2\repository\org\apache\maven\surefire\surefire-grouper\2.21.0\surefire-grouper-2.21.0.jar;"/>
    <property name="sun.cpu.endian" value="little"/>
    <property name="user.home" value="C:\Users\Admin"/>
    <property name="user.language" value="ru"/>
    <property name="java.specification.vendor" value="Oracle Corporation"/>
    <property name="java.home" value="C:\Program Files\Java\jdk1.8.0_102\jre"/>
    <property name="basedir" value="D:\Program Files New\Eclipse\Icndb"/>
    <property name="file.separator" value="\"/>
    <property name="line.separator" value="&#10;"/>
    <property name="java.vm.specification.vendor" value="Oracle Corporation"/>
    <property name="java.specification.name" value="Java Platform API Specification"/>
    <property name="java.awt.graphicsenv" value="sun.awt.Win32GraphicsEnvironment"/>
    <property name="surefire.real.class.path" value="C:\Users\Admin\AppData\Local\Temp\surefire5097066622948503529\surefirebooter343379071075492839.jar;C:\Users\Admin\.m2\repository/org/aspectj/aspectjweaver/1.9.1/aspectjweaver-1.9.1.jar"/>
    <property name="sun.boot.class.path" value="C:\Program Files\Java\jdk1.8.0_102\jre\lib\resources.jar;C:\Program Files\Java\jdk1.8.0_102\jre\lib\rt.jar;C:\Program Files\Java\jdk1.8.0_102\jre\lib\sunrsasign.jar;C:\Program Files\Java\jdk1.8.0_102\jre\lib\jsse.jar;C:\Program Files\Java\jdk1.8.0_102\jre\lib\jce.jar;C:\Program Files\Java\jdk1.8.0_102\jre\lib\charsets.jar;C:\Program Files\Java\jdk1.8.0_102\jre\lib\jfr.jar;C:\Program Files\Java\jdk1.8.0_102\jre\classes"/>
    <property name="user.script" value=""/>
    <property name="sun.management.compiler" value="HotSpot 64-Bit Tiered Compilers"/>
    <property name="java.runtime.version" value="1.8.0_102-b14"/>
    <property name="user.name" value="Admin"/>
    <property name="path.separator" value=";"/>
    <property name="os.version" value="6.1"/>
    <property name="java.endorsed.dirs" value="C:\Program Files\Java\jdk1.8.0_102\jre\lib\endorsed"/>
    <property name="java.runtime.name" value="Java(TM) SE Runtime Environment"/>
    <property name="file.encoding" value="Cp1251"/>
    <property name="java.vm.name" value="Java HotSpot(TM) 64-Bit Server VM"/>
    <property name="localRepository" value="C:\Users\Admin\.m2\repository"/>
    <property name="java.vendor.url.bug" value="http://bugreport.sun.com/bugreport/"/>
    <property name="java.io.tmpdir" value="C:\Users\Admin\AppData\Local\Temp\"/>
    <property name="java.version" value="1.8.0_102"/>
    <property name="user.dir" value="D:\Program Files New\Eclipse\Icndb"/>
    <property name="os.arch" value="amd64"/>
    <property name="java.vm.specification.name" value="Java Virtual Machine Specification"/>
    <property name="java.awt.printerjob" value="sun.awt.windows.WPrinterJob"/>
    <property name="sun.os.patch.level" value="Service Pack 1"/>
    <property name="java.library.path" value="C:\Program Files\Java\jdk1.8.0_102\jre\bin;C:\Windows\Sun\Java\bin;C:\Windows\system32;C:\Windows;C:\Program Files (x86)\Common Files\Oracle\Java\javapath;C:\ProgramData\Oracle\Java\javapath;C:\Program Files (x86)\AMD APP\bin\x86_64;C:\Program Files (x86)\AMD APP\bin\x86;C:\Program Files (x86)\NVIDIA Corporation\PhysX\Common;C:\Program Files (x86)\HP SimplePass\;C:\Program Files\Broadcom\Broadcom 802.11;C:\Windows\system32;C:\Windows;C:\Windows\System32\Wbem;C:\Program Files (x86)\ATI Technologies\ATI.ACE\Core-Static;C:\Program Files\Microsoft\Web Platform Installer\;C:\Program Files (x86)\Windows Kits\8.1\Windows Performance Toolkit\;C:\Program Files\Microsoft SQL Server\110\Tools\Binn\;C:\Program Files (x86)\AMD\ATI.ACE\Core-Static;D:\Maven\bin;C:\Program Files\Ant\apache-ant-1.9.6/bin;D:\Selenium_WebDriver;C:\Program Files\MySQL\MySQL Server 5.5\bin;D:\PROGRA~1\GROOVY~1.6\bin;D:\Selenium_WebDriver\mysql;D:\Selenium_WebDriver;C:\Users\Admin\AppData\Local\Android\sdk\;C:\Users\Admin\AppData\Local\Android\sdk\platform-tools\;C:\Users\Admin\AppData\Local\Android\sdk\tools\;D:\Program Files\Git\cmd;C:\Program Files\Appium\Appium.exe;C:\Program Files\nodejs\;ANDROID_HOME;ANT_HOME;M2;D:\cURL\curl\src;C:\Program Files\Java\jdk1.8.0_102\bin;D:\Tomcat\bin;C:\Program Files (x86)\Skype\Phone\;C:\Windows\System32\WindowsPowerShell\v1.0\;D:\allure-commandline\allure-2.6.0\bin\allure.bat;C:\Ruby25-x64\bin;C:\Users\Admin\scoop\shims;C:\Users\Admin\AppData\Roaming\npm;."/>
    <property name="java.vm.info" value="mixed mode"/>
    <property name="java.vendor" value="Oracle Corporation"/>
    <property name="java.vm.version" value="25.102-b14"/>
    <property name="java.ext.dirs" value="C:\Program Files\Java\jdk1.8.0_102\jre\lib\ext;C:\Windows\Sun\Java\lib\ext"/>
    <property name="sun.io.unicode.encoding" value="UnicodeLittle"/>
    <property name="java.class.version" value="52.0"/>
  </properties>
  <testcase name="testAllCategories" classname="com.icndb.categories.TestCategories" time="6.77"/>
  <testcase name="testIncorrectCategories" classname="com.icndb.categories.TestCategories" time="0.312">
    <failure message="1 expectation failed.&#10;Expected status code &lt;404&gt; but was &lt;200&gt;.&#10;" type="java.lang.AssertionError"><![CDATA[java.lang.AssertionError: 
1 expectation failed.
Expected status code <404> but was <200>.

	at com.icndb.categories.TestCategories.testIncorrectCategories(TestCategories.java:61)
]]></failure>
  </testcase>
  <testcase name="testExcludeCategoriesNegative" classname="com.icndb.categories.TestExcludeCategories" time="0.857">
    <failure message="expected [NoSuchCategoryException] but found [success]" type="java.lang.AssertionError">java.lang.AssertionError: expected [NoSuchCategoryException] but found [success]
	at com.icndb.categories.TestExcludeCategories.testExcludeCategoriesNegative(TestExcludeCategories.java:80)
</failure>
  </testcase>
  <testcase name="testExcludeCategoriesNegative" classname="com.icndb.categories.TestExcludeCategories" time="0.431">
    <failure message="expected [NoSuchCategoryException] but found [success]" type="java.lang.AssertionError">java.lang.AssertionError: expected [NoSuchCategoryException] but found [success]
	at com.icndb.categories.TestExcludeCategories.testExcludeCategoriesNegative(TestExcludeCategories.java:80)
</failure>
  </testcase>
  <testcase name="testExcludeCategoriesNegative" classname="com.icndb.categories.TestExcludeCategories" time="0.439">
    <failure message="expected [NoSuchCategoryException] but found [success]" type="java.lang.AssertionError">java.lang.AssertionError: expected [NoSuchCategoryException] but found [success]
	at com.icndb.categories.TestExcludeCategories.testExcludeCategoriesNegative(TestExcludeCategories.java:80)
</failure>
  </testcase>
  <testcase name="testExcludeCategoriesNegative" classname="com.icndb.categories.TestExcludeCategories" time="0.33">
    <failure message="expected [NoSuchCategoryException] but found [success]" type="java.lang.AssertionError">java.lang.AssertionError: expected [NoSuchCategoryException] but found [success]
	at com.icndb.categories.TestExcludeCategories.testExcludeCategoriesNegative(TestExcludeCategories.java:80)
</failure>
  </testcase>
  <testcase name="testExcludeCategoriesPositive" classname="com.icndb.categories.TestExcludeCategories" time="10.685"/>
  <testcase name="testExcludeCategoriesPositive" classname="com.icndb.categories.TestExcludeCategories" time="7.293"/>
  <testcase name="testExcludeCategoriesPositive" classname="com.icndb.categories.TestExcludeCategories" time="6.6"/>
  <testcase name="testLimitToCategoriesNegative" classname="com.icndb.categories.TestLimitToCategories" time="0.227">
    <failure message="expected [NoSuchCategoryException] but found [success]" type="java.lang.AssertionError">java.lang.AssertionError: expected [NoSuchCategoryException] but found [success]
	at com.icndb.categories.TestLimitToCategories.testLimitToCategoriesNegative(TestLimitToCategories.java:77)
</failure>
  </testcase>
  <testcase name="testLimitToCategoriesNegative" classname="com.icndb.categories.TestLimitToCategories" time="0.429">
    <failure message="expected [NoSuchCategoryException] but found [success]" type="java.lang.AssertionError">java.lang.AssertionError: expected [NoSuchCategoryException] but found [success]
	at com.icndb.categories.TestLimitToCategories.testLimitToCategoriesNegative(TestLimitToCategories.java:77)
</failure>
  </testcase>
  <testcase name="testLimitToCategoriesNegative" classname="com.icndb.categories.TestLimitToCategories" time="0.267">
    <failure message="expected [NoSuchCategoryException] but found [success]" type="java.lang.AssertionError">java.lang.AssertionError: expected [NoSuchCategoryException] but found [success]
	at com.icndb.categories.TestLimitToCategories.testLimitToCategoriesNegative(TestLimitToCategories.java:77)
</failure>
  </testcase>
  <testcase name="testLimitToCategoriesNegative" classname="com.icndb.categories.TestLimitToCategories" time="0.202">
    <failure message="expected [NoSuchCategoryException] but found [success]" type="java.lang.AssertionError">java.lang.AssertionError: expected [NoSuchCategoryException] but found [success]
	at com.icndb.categories.TestLimitToCategories.testLimitToCategoriesNegative(TestLimitToCategories.java:77)
</failure>
  </testcase>
  <testcase name="testLimitToCategoriesPositive" classname="com.icndb.categories.TestLimitToCategories" time="0.332"/>
  <testcase name="testLimitToCategoriesPositive" classname="com.icndb.categories.TestLimitToCategories" time="1.574"/>
  <testcase name="testLimitToCategoriesPositive" classname="com.icndb.categories.TestLimitToCategories" time="3.29"/>
  <testcase name="testCountOfDisplayedJokes" classname="com.icndb.jokes.TestJokes" time="0.701"/>
  <testcase name="testCountOfJokes" classname="com.icndb.jokes.TestJokes" time="0.677"/>
  <testcase name="testIncorrectEndPointAfterJokes" classname="com.icndb.jokes.TestJokes" time="0.453">
    <failure message="1 expectation failed.&#10;Expected status code &lt;404&gt; but was &lt;200&gt;.&#10;" type="java.lang.AssertionError"><![CDATA[java.lang.AssertionError: 
1 expectation failed.
Expected status code <404> but was <200>.

	at com.icndb.jokes.TestJokes.testIncorrectEndPointAfterJokes(TestJokes.java:123)
]]></failure>
  </testcase>
  <testcase name="testIncorrectEndPointJokes" classname="com.icndb.jokes.TestJokes" time="0.165">
    <failure message="1 expectation failed.&#10;Expected status code &lt;404&gt; but was &lt;200&gt;.&#10;" type="java.lang.AssertionError"><![CDATA[java.lang.AssertionError: 
1 expectation failed.
Expected status code <404> but was <200>.

	at com.icndb.jokes.TestJokes.testIncorrectEndPointJokes(TestJokes.java:111)
]]></failure>
  </testcase>
  <testcase name="testJokesByIdNegative" classname="com.icndb.jokes.TestJokes" time="0.53"/>
  <testcase name="testJokesByIdNegative" classname="com.icndb.jokes.TestJokes" time="0.314">
    <failure message="expected [NoSuchQuoteException] but found [success]" type="java.lang.AssertionError">java.lang.AssertionError: expected [NoSuchQuoteException] but found [success]
	at com.icndb.jokes.TestJokes.testJokesByIdNegative(TestJokes.java:100)
</failure>
  </testcase>
  <testcase name="testJokesByIdNegative" classname="com.icndb.jokes.TestJokes" time="0.195">
    <failure message="expected [NoSuchQuoteException] but found [success]" type="java.lang.AssertionError">java.lang.AssertionError: expected [NoSuchQuoteException] but found [success]
	at com.icndb.jokes.TestJokes.testJokesByIdNegative(TestJokes.java:100)
</failure>
  </testcase>
  <testcase name="testJokesByIdPositive" classname="com.icndb.jokes.TestJokes" time="0.221"/>
  <testcase name="testJokesByIdPositive" classname="com.icndb.jokes.TestJokes" time="0.188"/>
  <testcase name="testJokesByIdPositive" classname="com.icndb.jokes.TestJokes" time="0.199"/>
  <testcase name="testChangeOfFirstnameAndLastname" classname="com.icndb.random_jokes.TestRandomJokes" time="0.437"/>
  <testcase name="testCountOfRandomJokesNegative" classname="com.icndb.random_jokes.TestRandomJokes" time="0.303">
    <failure message="expected [NoSuchQuoteException] but found [success]" type="java.lang.AssertionError">java.lang.AssertionError: expected [NoSuchQuoteException] but found [success]
	at com.icndb.random_jokes.TestRandomJokes.testCountOfRandomJokesNegative(TestRandomJokes.java:82)
</failure>
  </testcase>
  <testcase name="testCountOfRandomJokesNegative" classname="com.icndb.random_jokes.TestRandomJokes" time="0.195">
    <failure message="expected [NoSuchQuoteException] but found [success]" type="java.lang.AssertionError">java.lang.AssertionError: expected [NoSuchQuoteException] but found [success]
	at com.icndb.random_jokes.TestRandomJokes.testCountOfRandomJokesNegative(TestRandomJokes.java:82)
</failure>
  </testcase>
  <testcase name="testCountOfRandomJokesNegative" classname="com.icndb.random_jokes.TestRandomJokes" time="0.167">
    <failure message="expected [NoSuchQuoteException] but found [success]" type="java.lang.AssertionError">java.lang.AssertionError: expected [NoSuchQuoteException] but found [success]
	at com.icndb.random_jokes.TestRandomJokes.testCountOfRandomJokesNegative(TestRandomJokes.java:82)
</failure>
  </testcase>
  <testcase name="testCountOfRandomJokesNegative" classname="com.icndb.random_jokes.TestRandomJokes" time="0.377">
    <failure message="expected [NoSuchQuoteException] but found [success]" type="java.lang.AssertionError">java.lang.AssertionError: expected [NoSuchQuoteException] but found [success]
	at com.icndb.random_jokes.TestRandomJokes.testCountOfRandomJokesNegative(TestRandomJokes.java:82)
</failure>
  </testcase>
  <testcase name="testCountOfRandomJokesPositive" classname="com.icndb.random_jokes.TestRandomJokes" time="0.371"/>
  <testcase name="testCountOfRandomJokesPositive" classname="com.icndb.random_jokes.TestRandomJokes" time="0.819"/>
  <testcase name="testCountOfRandomJokesPositive" classname="com.icndb.random_jokes.TestRandomJokes" time="0.298"/>
  <testcase name="testCountOfRandomJokesPositive" classname="com.icndb.random_jokes.TestRandomJokes" time="0.325">
    <failure message="expected [1000] but found [558]" type="java.lang.AssertionError">java.lang.AssertionError: expected [1000] but found [558]
	at com.icndb.random_jokes.TestRandomJokes.testCountOfRandomJokesPositive(TestRandomJokes.java:74)
</failure>
  </testcase>
  <testcase name="testRandomJoke" classname="com.icndb.random_jokes.TestRandomJokes" time="0.207"/>
</testsuite>