<?xml version="1.0" encoding="UTF-8"?>
<!-- Generated by org.testng.reporters.JUnitXMLReporter -->
<testsuite hostname="Admin_PC" ignored="0" name="Test jokes." tests="10" failures="4" timestamp="02 июн 2018 10:18:46 GMT" time="5.405" errors="0">
  <testcase name="testCountOfDisplayedJokes" time="0.369" classname="com.icndb.jokes.TestJokes"/>
  <testcase name="testCountOfJokes" time="0.506" classname="com.icndb.jokes.TestJokes"/>
  <testcase name="testIncorrectEndPointAfterJokes" time="1.181" classname="com.icndb.jokes.TestJokes">
    <failure type="java.lang.AssertionError" message="1 expectation failed.
Expected status code &amp;lt;404&amp;gt; but was &amp;lt;200&amp;gt;.
">
      <![CDATA[java.lang.AssertionError: 1 expectation failed.
Expected status code <404> but was <200>.

at org.codehaus.groovy.runtime.callsite.ConstructorSite$ConstructorSiteNoUnwrap.callConstructor(ConstructorSite.java:84)
at org.codehaus.groovy.runtime.callsite.AbstractCallSite.callConstructor(AbstractCallSite.java:247)
at io.restassured.internal.ResponseSpecificationImpl$HamcrestAssertionClosure.validate(ResponseSpecificationImpl.groovy:483)
at io.restassured.internal.ResponseSpecificationImpl$HamcrestAssertionClosure$validate$1.call(Unknown Source)
at io.restassured.internal.ResponseSpecificationImpl.validate(ResponseSpecificationImpl.groovy:89)
at io.restassured.internal.ValidatableResponseOptionsImpl.specification(ValidatableResponseOptionsImpl.java:317)
at io.restassured.internal.ValidatableResponseOptionsImpl.spec(ValidatableResponseOptionsImpl.java:298)
at com.icndb.jokes.TestJokes.testIncorrectEndPointAfterJokes(TestJokes.java:123)
... Removed 35 stack frames]]>
    </failure>
  </testcase> <!-- testIncorrectEndPointAfterJokes -->
  <testcase name="testIncorrectEndPointJokes" time="0.177" classname="com.icndb.jokes.TestJokes">
    <failure type="java.lang.AssertionError" message="1 expectation failed.
Expected status code &amp;lt;404&amp;gt; but was &amp;lt;200&amp;gt;.
">
      <![CDATA[java.lang.AssertionError: 1 expectation failed.
Expected status code <404> but was <200>.

at org.codehaus.groovy.runtime.callsite.ConstructorSite$ConstructorSiteNoUnwrap.callConstructor(ConstructorSite.java:84)
at org.codehaus.groovy.runtime.callsite.AbstractCallSite.callConstructor(AbstractCallSite.java:247)
at io.restassured.internal.ResponseSpecificationImpl$HamcrestAssertionClosure.validate(ResponseSpecificationImpl.groovy:483)
at io.restassured.internal.ResponseSpecificationImpl$HamcrestAssertionClosure$validate$1.call(Unknown Source)
at io.restassured.internal.ResponseSpecificationImpl.validate(ResponseSpecificationImpl.groovy:89)
at io.restassured.internal.ValidatableResponseOptionsImpl.specification(ValidatableResponseOptionsImpl.java:317)
at io.restassured.internal.ValidatableResponseOptionsImpl.spec(ValidatableResponseOptionsImpl.java:298)
at com.icndb.jokes.TestJokes.testIncorrectEndPointJokes(TestJokes.java:111)
... Removed 35 stack frames]]>
    </failure>
  </testcase> <!-- testIncorrectEndPointJokes -->
  <testcase name="testJokesByIdNegative" time="0.234" classname="com.icndb.jokes.TestJokes"/>
  <testcase name="testJokesByIdNegative" time="1.333" classname="com.icndb.jokes.TestJokes">
    <failure type="java.lang.AssertionError" message="expected [NoSuchQuoteException] but found [success]">
      <![CDATA[java.lang.AssertionError: expected [NoSuchQuoteException] but found [success]
at com.icndb.resources_data.RestUtilities.assertionType(RestUtilities.java:50)
at com.icndb.jokes.TestJokes.testJokesByIdNegative(TestJokes.java:100)
... Removed 35 stack frames]]>
    </failure>
  </testcase> <!-- testJokesByIdNegative -->
  <testcase name="testJokesByIdNegative" time="0.189" classname="com.icndb.jokes.TestJokes">
    <failure type="java.lang.AssertionError" message="expected [NoSuchQuoteException] but found [success]">
      <![CDATA[java.lang.AssertionError: expected [NoSuchQuoteException] but found [success]
at com.icndb.resources_data.RestUtilities.assertionType(RestUtilities.java:50)
at com.icndb.jokes.TestJokes.testJokesByIdNegative(TestJokes.java:100)
... Removed 35 stack frames]]>
    </failure>
  </testcase> <!-- testJokesByIdNegative -->
  <testcase name="testJokesByIdPositive" time="0.204" classname="com.icndb.jokes.TestJokes"/>
  <testcase name="testJokesByIdPositive" time="0.358" classname="com.icndb.jokes.TestJokes"/>
  <testcase name="testJokesByIdPositive" time="0.804" classname="com.icndb.jokes.TestJokes"/>
</testsuite> <!-- Test jokes. -->
