<?xml version="1.0" encoding="UTF-8"?>
<!-- Generated by org.testng.reporters.JUnitXMLReporter -->
<testsuite hostname="Admin_PC" ignored="2" name="Test categories." tests="16" failures="9" timestamp="28 мая 2018 17:15:57 GMT" time="40.343" errors="0">
  <testcase name="testAllCategories" time="6.586" classname="com.icndb.categories.TestCategories"/>
  <testcase name="testIncorrectCategories" time="0.272" classname="com.icndb.categories.TestCategories">
    <failure type="java.lang.AssertionError" message="1 expectation failed.
Expected status code &amp;lt;404&amp;gt; but was &amp;lt;200&amp;gt;.
">
      <![CDATA[java.lang.AssertionError: 1 expectation failed.
Expected status code <404> but was <200>.

at org.codehaus.groovy.runtime.callsite.ConstructorSite$ConstructorSiteNoUnwrap.callConstructor(ConstructorSite.java:84)
at org.codehaus.groovy.runtime.callsite.CallSiteArray.defaultCallConstructor(CallSiteArray.java:60)
at org.codehaus.groovy.runtime.callsite.AbstractCallSite.callConstructor(AbstractCallSite.java:235)
at org.codehaus.groovy.runtime.callsite.AbstractCallSite.callConstructor(AbstractCallSite.java:247)
at io.restassured.internal.ResponseSpecificationImpl$HamcrestAssertionClosure.validate(ResponseSpecificationImpl.groovy:483)
at io.restassured.internal.ResponseSpecificationImpl$HamcrestAssertionClosure$validate$1.call(Unknown Source)
at io.restassured.internal.ResponseSpecificationImpl.validate(ResponseSpecificationImpl.groovy:89)
at io.restassured.internal.ValidatableResponseOptionsImpl.specification(ValidatableResponseOptionsImpl.java:317)
at io.restassured.internal.ValidatableResponseOptionsImpl.spec(ValidatableResponseOptionsImpl.java:298)
at com.icndb.categories.TestCategories.testIncorrectCategories(TestCategories.java:61)
... Removed 35 stack frames]]>
    </failure>
  </testcase> <!-- testIncorrectCategories -->
  <testcase name="testExcludeCategoriesNegative" time="0.868" classname="com.icndb.categories.TestExcludeCategories">
    <failure type="java.lang.AssertionError" message="expected [NoSuchCategoryException] but found [success]">
      <![CDATA[java.lang.AssertionError: expected [NoSuchCategoryException] but found [success]
at com.icndb.resources_data.RestUtilities.assertionType(RestUtilities.java:50)
at com.icndb.categories.TestExcludeCategories.testExcludeCategoriesNegative(TestExcludeCategories.java:80)
... Removed 35 stack frames]]>
    </failure>
  </testcase> <!-- testExcludeCategoriesNegative -->
  <testcase name="testExcludeCategoriesNegative" time="0.43" classname="com.icndb.categories.TestExcludeCategories">
    <failure type="java.lang.AssertionError" message="expected [NoSuchCategoryException] but found [success]">
      <![CDATA[java.lang.AssertionError: expected [NoSuchCategoryException] but found [success]
at com.icndb.resources_data.RestUtilities.assertionType(RestUtilities.java:50)
at com.icndb.categories.TestExcludeCategories.testExcludeCategoriesNegative(TestExcludeCategories.java:80)
... Removed 35 stack frames]]>
    </failure>
  </testcase> <!-- testExcludeCategoriesNegative -->
  <testcase name="testExcludeCategoriesNegative" time="0.438" classname="com.icndb.categories.TestExcludeCategories">
    <failure type="java.lang.AssertionError" message="expected [NoSuchCategoryException] but found [success]">
      <![CDATA[java.lang.AssertionError: expected [NoSuchCategoryException] but found [success]
at com.icndb.resources_data.RestUtilities.assertionType(RestUtilities.java:50)
at com.icndb.categories.TestExcludeCategories.testExcludeCategoriesNegative(TestExcludeCategories.java:80)
... Removed 35 stack frames]]>
    </failure>
  </testcase> <!-- testExcludeCategoriesNegative -->
  <testcase name="testExcludeCategoriesNegative" time="0.329" classname="com.icndb.categories.TestExcludeCategories">
    <failure type="java.lang.AssertionError" message="expected [NoSuchCategoryException] but found [success]">
      <![CDATA[java.lang.AssertionError: expected [NoSuchCategoryException] but found [success]
at com.icndb.resources_data.RestUtilities.assertionType(RestUtilities.java:50)
at com.icndb.categories.TestExcludeCategories.testExcludeCategoriesNegative(TestExcludeCategories.java:80)
... Removed 35 stack frames]]>
    </failure>
  </testcase> <!-- testExcludeCategoriesNegative -->
  <testcase name="testExcludeCategoriesPositive" time="10.708" classname="com.icndb.categories.TestExcludeCategories"/>
  <testcase name="testExcludeCategoriesPositive" time="7.295" classname="com.icndb.categories.TestExcludeCategories"/>
  <testcase name="testExcludeCategoriesPositive" time="6.602" classname="com.icndb.categories.TestExcludeCategories"/>
  <testcase name="testLimitToCategoriesNegative" time="0.227" classname="com.icndb.categories.TestLimitToCategories">
    <failure type="java.lang.AssertionError" message="expected [NoSuchCategoryException] but found [success]">
      <![CDATA[java.lang.AssertionError: expected [NoSuchCategoryException] but found [success]
at com.icndb.resources_data.RestUtilities.assertionType(RestUtilities.java:50)
at com.icndb.categories.TestLimitToCategories.testLimitToCategoriesNegative(TestLimitToCategories.java:77)
... Removed 35 stack frames]]>
    </failure>
  </testcase> <!-- testLimitToCategoriesNegative -->
  <testcase name="testLimitToCategoriesNegative" time="0.194" classname="com.icndb.categories.TestLimitToCategories">
    <failure type="java.lang.AssertionError" message="expected [NoSuchCategoryException] but found [success]">
      <![CDATA[java.lang.AssertionError: expected [NoSuchCategoryException] but found [success]
at com.icndb.resources_data.RestUtilities.assertionType(RestUtilities.java:50)
at com.icndb.categories.TestLimitToCategories.testLimitToCategoriesNegative(TestLimitToCategories.java:77)
... Removed 35 stack frames]]>
    </failure>
  </testcase> <!-- testLimitToCategoriesNegative -->
  <testcase name="testLimitToCategoriesNegative" time="0.266" classname="com.icndb.categories.TestLimitToCategories">
    <failure type="java.lang.AssertionError" message="expected [NoSuchCategoryException] but found [success]">
      <![CDATA[java.lang.AssertionError: expected [NoSuchCategoryException] but found [success]
at com.icndb.resources_data.RestUtilities.assertionType(RestUtilities.java:50)
at com.icndb.categories.TestLimitToCategories.testLimitToCategoriesNegative(TestLimitToCategories.java:77)
... Removed 35 stack frames]]>
    </failure>
  </testcase> <!-- testLimitToCategoriesNegative -->
  <testcase name="testLimitToCategoriesNegative" time="0.202" classname="com.icndb.categories.TestLimitToCategories">
    <failure type="java.lang.AssertionError" message="expected [NoSuchCategoryException] but found [success]">
      <![CDATA[java.lang.AssertionError: expected [NoSuchCategoryException] but found [success]
at com.icndb.resources_data.RestUtilities.assertionType(RestUtilities.java:50)
at com.icndb.categories.TestLimitToCategories.testLimitToCategoriesNegative(TestLimitToCategories.java:77)
... Removed 35 stack frames]]>
    </failure>
  </testcase> <!-- testLimitToCategoriesNegative -->
  <testcase name="testLimitToCategoriesPositive" time="0.332" classname="com.icndb.categories.TestLimitToCategories"/>
  <testcase name="testLimitToCategoriesPositive" time="1.575" classname="com.icndb.categories.TestLimitToCategories"/>
  <testcase name="testLimitToCategoriesPositive" time="3.202" classname="com.icndb.categories.TestLimitToCategories"/>
  <testcase name="@BeforeSuite setUpSuite" time="0.0" classname="com.icndb.specification.InitialConfiguration">
    <ignored/>
  </testcase> <!-- @BeforeSuite setUpSuite -->
  <testcase name="@BeforeSuite setUpSuite" time="0.0" classname="com.icndb.specification.InitialConfiguration">
    <ignored/>
  </testcase> <!-- @BeforeSuite setUpSuite -->
</testsuite> <!-- Test categories. -->
